This file contains any messages produced by compilers while
running configure, to aid debugging if configure makes a mistake.

It was created by gsoap configure 2.8, which was
generated by GNU Autoconf 2.61.  Invocation command line was

  $ ./configure --prefix=/home/prototype/brahmani/code/ccg/learningbyreading/ext/candc/ext

## --------- ##
## Platform. ##
## --------- ##

hostname = AMDGPU
uname -m = x86_64
uname -r = 5.4.0-107-generic
uname -s = Linux
uname -v = #121-Ubuntu SMP Thu Mar 24 16:04:27 UTC 2022

/usr/bin/uname -p = unknown
/bin/uname -X     = unknown

/bin/arch              = unknown
/usr/bin/arch -k       = unknown
/usr/convex/getsysinfo = unknown
/usr/bin/hostinfo      = unknown
/bin/machine           = unknown
/usr/bin/oslevel       = unknown
/bin/universe          = unknown

PATH: /home/prototype/brahmani/code/ccg/env/bin
PATH: /home/prototype/bin
PATH: /home/prototype/.local/bin
PATH: /usr/local/sbin
PATH: /usr/local/bin
PATH: /usr/sbin
PATH: /usr/bin
PATH: /sbin
PATH: /bin
PATH: /usr/games
PATH: /usr/local/games
PATH: /snap/bin
PATH: /opt/rocm/bin
PATH: /opt/rocm/profiler/bin
PATH: /opt/rocm/opencl/bin/x86_64


## ----------- ##
## Core tests. ##
## ----------- ##

configure:1839: checking for a BSD-compatible install
configure:1895: result: /usr/bin/install -c
configure:1906: checking whether build environment is sane
configure:1949: result: yes
configure:1977: checking for a thread-safe mkdir -p
configure:2016: result: /bin/mkdir -p
configure:2029: checking for gawk
configure:2059: result: no
configure:2029: checking for mawk
configure:2045: found /usr/bin/mawk
configure:2056: result: mawk
configure:2067: checking whether make sets $(MAKE)
configure:2088: result: yes
configure:2283: checking build system type
configure:2301: result: x86_64-unknown-linux-gnu
configure:2323: checking host system type
configure:2338: result: x86_64-unknown-linux-gnu
configure:2366: checking whether make sets $(MAKE)
configure:2387: result: yes
configure:2455: checking for g++
configure:2471: found /usr/bin/g++
configure:2482: result: g++
configure:2513: checking for C++ compiler version
configure:2520: g++ --version >&5
g++ (Ubuntu 9.4.0-1ubuntu1~20.04.1) 9.4.0
Copyright (C) 2019 Free Software Foundation, Inc.
This is free software; see the source for copying conditions.  There is NO
warranty; not even for MERCHANTABILITY or FITNESS FOR A PARTICULAR PURPOSE.

configure:2523: $? = 0
configure:2530: g++ -v >&5
Using built-in specs.
COLLECT_GCC=g++
COLLECT_LTO_WRAPPER=/usr/lib/gcc/x86_64-linux-gnu/9/lto-wrapper
OFFLOAD_TARGET_NAMES=nvptx-none:hsa
OFFLOAD_TARGET_DEFAULT=1
Target: x86_64-linux-gnu
Configured with: ../src/configure -v --with-pkgversion='Ubuntu 9.4.0-1ubuntu1~20.04.1' --with-bugurl=file:///usr/share/doc/gcc-9/README.Bugs --enable-languages=c,ada,c++,go,brig,d,fortran,objc,obj-c++,gm2 --prefix=/usr --with-gcc-major-version-only --program-suffix=-9 --program-prefix=x86_64-linux-gnu- --enable-shared --enable-linker-build-id --libexecdir=/usr/lib --without-included-gettext --enable-threads=posix --libdir=/usr/lib --enable-nls --enable-clocale=gnu --enable-libstdcxx-debug --enable-libstdcxx-time=yes --with-default-libstdcxx-abi=new --enable-gnu-unique-object --disable-vtable-verify --enable-plugin --enable-default-pie --with-system-zlib --with-target-system-zlib=auto --enable-objc-gc=auto --enable-multiarch --disable-werror --with-arch-32=i686 --with-abi=m64 --with-multilib-list=m32,m64,mx32 --enable-multilib --with-tune=generic --enable-offload-targets=nvptx-none=/build/gcc-9-Av3uEd/gcc-9-9.4.0/debian/tmp-nvptx/usr,hsa --without-cuda-driver --enable-checking=release --build=x86_64-linux-gnu --host=x86_64-linux-gnu --target=x86_64-linux-gnu
Thread model: posix
gcc version 9.4.0 (Ubuntu 9.4.0-1ubuntu1~20.04.1) 
configure:2533: $? = 0
configure:2540: g++ -V >&5
g++: error: unrecognized command line option '-V'
g++: fatal error: no input files
compilation terminated.
configure:2543: $? = 1
configure:2566: checking for C++ compiler default output file name
configure:2593: g++    conftest.cpp  >&5
configure:2596: $? = 0
configure:2634: result: a.out
configure:2651: checking whether the C++ compiler works
configure:2661: ./a.out
configure:2664: $? = 0
configure:2681: result: yes
configure:2688: checking whether we are cross compiling
configure:2690: result: no
configure:2693: checking for suffix of executables
configure:2700: g++ -o conftest    conftest.cpp  >&5
configure:2703: $? = 0
configure:2727: result: 
configure:2733: checking for suffix of object files
configure:2759: g++ -c   conftest.cpp >&5
configure:2762: $? = 0
configure:2785: result: o
configure:2789: checking whether we are using the GNU C++ compiler
configure:2818: g++ -c   conftest.cpp >&5
configure:2824: $? = 0
configure:2841: result: yes
configure:2846: checking whether g++ accepts -g
configure:2876: g++ -c -g  conftest.cpp >&5
configure:2882: $? = 0
configure:2981: result: yes
configure:3015: checking for style of include used by make
configure:3043: result: GNU
configure:3068: checking dependency style of g++
configure:3159: result: gcc3
configure:3222: checking for gcc
configure:3238: found /usr/bin/gcc
configure:3249: result: gcc
configure:3487: checking for C compiler version
configure:3494: gcc --version >&5
gcc (Ubuntu 9.4.0-1ubuntu1~20.04.1) 9.4.0
Copyright (C) 2019 Free Software Foundation, Inc.
This is free software; see the source for copying conditions.  There is NO
warranty; not even for MERCHANTABILITY or FITNESS FOR A PARTICULAR PURPOSE.

configure:3497: $? = 0
configure:3504: gcc -v >&5
Using built-in specs.
COLLECT_GCC=gcc
COLLECT_LTO_WRAPPER=/usr/lib/gcc/x86_64-linux-gnu/9/lto-wrapper
OFFLOAD_TARGET_NAMES=nvptx-none:hsa
OFFLOAD_TARGET_DEFAULT=1
Target: x86_64-linux-gnu
Configured with: ../src/configure -v --with-pkgversion='Ubuntu 9.4.0-1ubuntu1~20.04.1' --with-bugurl=file:///usr/share/doc/gcc-9/README.Bugs --enable-languages=c,ada,c++,go,brig,d,fortran,objc,obj-c++,gm2 --prefix=/usr --with-gcc-major-version-only --program-suffix=-9 --program-prefix=x86_64-linux-gnu- --enable-shared --enable-linker-build-id --libexecdir=/usr/lib --without-included-gettext --enable-threads=posix --libdir=/usr/lib --enable-nls --enable-clocale=gnu --enable-libstdcxx-debug --enable-libstdcxx-time=yes --with-default-libstdcxx-abi=new --enable-gnu-unique-object --disable-vtable-verify --enable-plugin --enable-default-pie --with-system-zlib --with-target-system-zlib=auto --enable-objc-gc=auto --enable-multiarch --disable-werror --with-arch-32=i686 --with-abi=m64 --with-multilib-list=m32,m64,mx32 --enable-multilib --with-tune=generic --enable-offload-targets=nvptx-none=/build/gcc-9-Av3uEd/gcc-9-9.4.0/debian/tmp-nvptx/usr,hsa --without-cuda-driver --enable-checking=release --build=x86_64-linux-gnu --host=x86_64-linux-gnu --target=x86_64-linux-gnu
Thread model: posix
gcc version 9.4.0 (Ubuntu 9.4.0-1ubuntu1~20.04.1) 
configure:3507: $? = 0
configure:3514: gcc -V >&5
gcc: error: unrecognized command line option '-V'
gcc: fatal error: no input files
compilation terminated.
configure:3517: $? = 1
configure:3520: checking whether we are using the GNU C compiler
configure:3549: gcc -c   conftest.c >&5
configure:3555: $? = 0
configure:3572: result: yes
configure:3577: checking whether gcc accepts -g
configure:3607: gcc -c -g  conftest.c >&5
configure:3613: $? = 0
configure:3712: result: yes
configure:3729: checking for gcc option to accept ISO C89
configure:3803: gcc  -c -g -O2  conftest.c >&5
configure:3809: $? = 0
configure:3832: result: none needed
configure:3852: checking dependency style of gcc
configure:3943: result: gcc3
configure:3959: checking whether gcc and cc understand -c and -o together
configure:3994: gcc -c conftest.c -o conftest2.o >&5
configure:3997: $? = 0
configure:4003: gcc -c conftest.c -o conftest2.o >&5
configure:4006: $? = 0
configure:4017: cc -c conftest.c >&5
configure:4020: $? = 0
configure:4028: cc -c conftest.c -o conftest2.o >&5
configure:4031: $? = 0
configure:4037: cc -c conftest.c -o conftest2.o >&5
configure:4040: $? = 0
configure:4058: result: yes
configure:4089: checking for flex
configure:4119: result: no
configure:4089: checking for lex
configure:4119: result: no
configure:4296: checking for bison
configure:4326: result: no
configure:4296: checking for byacc
configure:4326: result: no
configure:4340: checking how to run the C preprocessor
configure:4380: gcc -E  conftest.c
configure:4386: $? = 0
configure:4417: gcc -E  conftest.c
conftest.c:10:10: fatal error: ac_nonexistent.h: No such file or directory
   10 | #include <ac_nonexistent.h>
      |          ^~~~~~~~~~~~~~~~~~
compilation terminated.
configure:4423: $? = 1
configure: failed program was:
| /* confdefs.h.  */
| #define PACKAGE_NAME "gsoap"
| #define PACKAGE_TARNAME "gsoap"
| #define PACKAGE_VERSION "2.8"
| #define PACKAGE_STRING "gsoap 2.8"
| #define PACKAGE_BUGREPORT ""
| #define PACKAGE "gsoap"
| #define VERSION "2.8"
| /* end confdefs.h.  */
| #include <ac_nonexistent.h>
configure:4456: result: gcc -E
configure:4485: gcc -E  conftest.c
configure:4491: $? = 0
configure:4522: gcc -E  conftest.c
conftest.c:10:10: fatal error: ac_nonexistent.h: No such file or directory
   10 | #include <ac_nonexistent.h>
      |          ^~~~~~~~~~~~~~~~~~
compilation terminated.
configure:4528: $? = 1
configure: failed program was:
| /* confdefs.h.  */
| #define PACKAGE_NAME "gsoap"
| #define PACKAGE_TARNAME "gsoap"
| #define PACKAGE_VERSION "2.8"
| #define PACKAGE_STRING "gsoap 2.8"
| #define PACKAGE_BUGREPORT ""
| #define PACKAGE "gsoap"
| #define VERSION "2.8"
| /* end confdefs.h.  */
| #include <ac_nonexistent.h>
configure:4608: checking for ranlib
configure:4624: found /usr/bin/ranlib
configure:4635: result: ranlib
configure:4662: checking whether ln -s works
configure:4666: result: yes
configure:4677: checking for gawk
configure:4704: result: mawk
configure:4728: checking for a BSD-compatible install
configure:4784: result: /usr/bin/install -c
configure:4866: checking for grep that handles long lines and -e
configure:4940: result: /bin/grep
configure:4945: checking for egrep
configure:5023: result: /bin/grep -E
configure:5028: checking for ANSI C header files
configure:5058: gcc -c -g -O2  conftest.c >&5
configure:5064: $? = 0
configure:5163: gcc -o conftest -g -O2   conftest.c  >&5
configure:5166: $? = 0
configure:5172: ./conftest
configure:5175: $? = 0
configure:5192: result: yes
configure:5216: checking for sys/types.h
configure:5237: gcc -c -g -O2  conftest.c >&5
configure:5243: $? = 0
configure:5259: result: yes
configure:5216: checking for sys/stat.h
configure:5237: gcc -c -g -O2  conftest.c >&5
configure:5243: $? = 0
configure:5259: result: yes
configure:5216: checking for stdlib.h
configure:5237: gcc -c -g -O2  conftest.c >&5
configure:5243: $? = 0
configure:5259: result: yes
configure:5216: checking for string.h
configure:5237: gcc -c -g -O2  conftest.c >&5
configure:5243: $? = 0
configure:5259: result: yes
configure:5216: checking for memory.h
configure:5237: gcc -c -g -O2  conftest.c >&5
configure:5243: $? = 0
configure:5259: result: yes
configure:5216: checking for strings.h
configure:5237: gcc -c -g -O2  conftest.c >&5
configure:5243: $? = 0
configure:5259: result: yes
configure:5216: checking for inttypes.h
configure:5237: gcc -c -g -O2  conftest.c >&5
configure:5243: $? = 0
configure:5259: result: yes
configure:5216: checking for stdint.h
configure:5237: gcc -c -g -O2  conftest.c >&5
configure:5243: $? = 0
configure:5259: result: yes
configure:5216: checking for unistd.h
configure:5237: gcc -c -g -O2  conftest.c >&5
configure:5243: $? = 0
configure:5259: result: yes
configure:5308: checking arpa/inet.h usability
configure:5325: gcc -c -g -O2  conftest.c >&5
configure:5331: $? = 0
configure:5345: result: yes
configure:5349: checking arpa/inet.h presence
configure:5364: gcc -E  conftest.c
configure:5370: $? = 0
configure:5384: result: yes
configure:5412: checking for arpa/inet.h
configure:5420: result: yes
configure:5308: checking xlocale.h usability
configure:5325: gcc -c -g -O2  conftest.c >&5
conftest.c:54:10: fatal error: xlocale.h: No such file or directory
   54 | #include <xlocale.h>
      |          ^~~~~~~~~~~
compilation terminated.
configure:5331: $? = 1
configure: failed program was:
| /* confdefs.h.  */
| #define PACKAGE_NAME "gsoap"
| #define PACKAGE_TARNAME "gsoap"
| #define PACKAGE_VERSION "2.8"
| #define PACKAGE_STRING "gsoap 2.8"
| #define PACKAGE_BUGREPORT ""
| #define PACKAGE "gsoap"
| #define VERSION "2.8"
| #define STDC_HEADERS 1
| #define HAVE_SYS_TYPES_H 1
| #define HAVE_SYS_STAT_H 1
| #define HAVE_STDLIB_H 1
| #define HAVE_STRING_H 1
| #define HAVE_MEMORY_H 1
| #define HAVE_STRINGS_H 1
| #define HAVE_INTTYPES_H 1
| #define HAVE_STDINT_H 1
| #define HAVE_UNISTD_H 1
| #define HAVE_ARPA_INET_H 1
| /* end confdefs.h.  */
| #include <stdio.h>
| #ifdef HAVE_SYS_TYPES_H
| # include <sys/types.h>
| #endif
| #ifdef HAVE_SYS_STAT_H
| # include <sys/stat.h>
| #endif
| #ifdef STDC_HEADERS
| # include <stdlib.h>
| # include <stddef.h>
| #else
| # ifdef HAVE_STDLIB_H
| #  include <stdlib.h>
| # endif
| #endif
| #ifdef HAVE_STRING_H
| # if !defined STDC_HEADERS && defined HAVE_MEMORY_H
| #  include <memory.h>
| # endif
| # include <string.h>
| #endif
| #ifdef HAVE_STRINGS_H
| # include <strings.h>
| #endif
| #ifdef HAVE_INTTYPES_H
| # include <inttypes.h>
| #endif
| #ifdef HAVE_STDINT_H
| # include <stdint.h>
| #endif
| #ifdef HAVE_UNISTD_H
| # include <unistd.h>
| #endif
| #include <xlocale.h>
configure:5345: result: no
configure:5349: checking xlocale.h presence
configure:5364: gcc -E  conftest.c
conftest.c:21:10: fatal error: xlocale.h: No such file or directory
   21 | #include <xlocale.h>
      |          ^~~~~~~~~~~
compilation terminated.
configure:5370: $? = 1
configure: failed program was:
| /* confdefs.h.  */
| #define PACKAGE_NAME "gsoap"
| #define PACKAGE_TARNAME "gsoap"
| #define PACKAGE_VERSION "2.8"
| #define PACKAGE_STRING "gsoap 2.8"
| #define PACKAGE_BUGREPORT ""
| #define PACKAGE "gsoap"
| #define VERSION "2.8"
| #define STDC_HEADERS 1
| #define HAVE_SYS_TYPES_H 1
| #define HAVE_SYS_STAT_H 1
| #define HAVE_STDLIB_H 1
| #define HAVE_STRING_H 1
| #define HAVE_MEMORY_H 1
| #define HAVE_STRINGS_H 1
| #define HAVE_INTTYPES_H 1
| #define HAVE_STDINT_H 1
| #define HAVE_UNISTD_H 1
| #define HAVE_ARPA_INET_H 1
| /* end confdefs.h.  */
| #include <xlocale.h>
configure:5384: result: no
configure:5412: checking for xlocale.h
configure:5420: result: no
configure:5308: checking errno.h usability
configure:5325: gcc -c -g -O2  conftest.c >&5
configure:5331: $? = 0
configure:5345: result: yes
configure:5349: checking errno.h presence
configure:5364: gcc -E  conftest.c
configure:5370: $? = 0
configure:5384: result: yes
configure:5412: checking for errno.h
configure:5420: result: yes
configure:5308: checking fcntl.h usability
configure:5325: gcc -c -g -O2  conftest.c >&5
configure:5331: $? = 0
configure:5345: result: yes
configure:5349: checking fcntl.h presence
configure:5364: gcc -E  conftest.c
configure:5370: $? = 0
configure:5384: result: yes
configure:5412: checking for fcntl.h
configure:5420: result: yes
configure:5308: checking limits.h usability
configure:5325: gcc -c -g -O2  conftest.c >&5
configure:5331: $? = 0
configure:5345: result: yes
configure:5349: checking limits.h presence
configure:5364: gcc -E  conftest.c
configure:5370: $? = 0
configure:5384: result: yes
configure:5412: checking for limits.h
configure:5420: result: yes
configure:5308: checking netdb.h usability
configure:5325: gcc -c -g -O2  conftest.c >&5
configure:5331: $? = 0
configure:5345: result: yes
configure:5349: checking netdb.h presence
configure:5364: gcc -E  conftest.c
configure:5370: $? = 0
configure:5384: result: yes
configure:5412: checking for netdb.h
configure:5420: result: yes
configure:5308: checking netinet/in.h usability
configure:5325: gcc -c -g -O2  conftest.c >&5
configure:5331: $? = 0
configure:5345: result: yes
configure:5349: checking netinet/in.h presence
configure:5364: gcc -E  conftest.c
configure:5370: $? = 0
configure:5384: result: yes
configure:5412: checking for netinet/in.h
configure:5420: result: yes
configure:5298: checking for stdlib.h
configure:5304: result: yes
configure:5298: checking for string.h
configure:5304: result: yes
configure:5298: checking for strings.h
configure:5304: result: yes
configure:5298: checking for stdint.h
configure:5304: result: yes
configure:5298: checking for inttypes.h
configure:5304: result: yes
configure:5308: checking time.h usability
configure:5325: gcc -c -g -O2  conftest.c >&5
configure:5331: $? = 0
configure:5345: result: yes
configure:5349: checking time.h presence
configure:5364: gcc -E  conftest.c
configure:5370: $? = 0
configure:5384: result: yes
configure:5412: checking for time.h
configure:5420: result: yes
configure:5308: checking sys/inttypes.h usability
configure:5325: gcc -c -g -O2  conftest.c >&5
conftest.c:65:10: fatal error: sys/inttypes.h: No such file or directory
   65 | #include <sys/inttypes.h>
      |          ^~~~~~~~~~~~~~~~
compilation terminated.
configure:5331: $? = 1
configure: failed program was:
| /* confdefs.h.  */
| #define PACKAGE_NAME "gsoap"
| #define PACKAGE_TARNAME "gsoap"
| #define PACKAGE_VERSION "2.8"
| #define PACKAGE_STRING "gsoap 2.8"
| #define PACKAGE_BUGREPORT ""
| #define PACKAGE "gsoap"
| #define VERSION "2.8"
| #define STDC_HEADERS 1
| #define HAVE_SYS_TYPES_H 1
| #define HAVE_SYS_STAT_H 1
| #define HAVE_STDLIB_H 1
| #define HAVE_STRING_H 1
| #define HAVE_MEMORY_H 1
| #define HAVE_STRINGS_H 1
| #define HAVE_INTTYPES_H 1
| #define HAVE_STDINT_H 1
| #define HAVE_UNISTD_H 1
| #define HAVE_ARPA_INET_H 1
| #define HAVE_ERRNO_H 1
| #define HAVE_FCNTL_H 1
| #define HAVE_LIMITS_H 1
| #define HAVE_NETDB_H 1
| #define HAVE_NETINET_IN_H 1
| #define HAVE_STDLIB_H 1
| #define HAVE_STRING_H 1
| #define HAVE_STRINGS_H 1
| #define HAVE_STDINT_H 1
| #define HAVE_INTTYPES_H 1
| #define HAVE_TIME_H 1
| /* end confdefs.h.  */
| #include <stdio.h>
| #ifdef HAVE_SYS_TYPES_H
| # include <sys/types.h>
| #endif
| #ifdef HAVE_SYS_STAT_H
| # include <sys/stat.h>
| #endif
| #ifdef STDC_HEADERS
| # include <stdlib.h>
| # include <stddef.h>
| #else
| # ifdef HAVE_STDLIB_H
| #  include <stdlib.h>
| # endif
| #endif
| #ifdef HAVE_STRING_H
| # if !defined STDC_HEADERS && defined HAVE_MEMORY_H
| #  include <memory.h>
| # endif
| # include <string.h>
| #endif
| #ifdef HAVE_STRINGS_H
| # include <strings.h>
| #endif
| #ifdef HAVE_INTTYPES_H
| # include <inttypes.h>
| #endif
| #ifdef HAVE_STDINT_H
| # include <stdint.h>
| #endif
| #ifdef HAVE_UNISTD_H
| # include <unistd.h>
| #endif
| #include <sys/inttypes.h>
configure:5345: result: no
configure:5349: checking sys/inttypes.h presence
configure:5364: gcc -E  conftest.c
conftest.c:32:10: fatal error: sys/inttypes.h: No such file or directory
   32 | #include <sys/inttypes.h>
      |          ^~~~~~~~~~~~~~~~
compilation terminated.
configure:5370: $? = 1
configure: failed program was:
| /* confdefs.h.  */
| #define PACKAGE_NAME "gsoap"
| #define PACKAGE_TARNAME "gsoap"
| #define PACKAGE_VERSION "2.8"
| #define PACKAGE_STRING "gsoap 2.8"
| #define PACKAGE_BUGREPORT ""
| #define PACKAGE "gsoap"
| #define VERSION "2.8"
| #define STDC_HEADERS 1
| #define HAVE_SYS_TYPES_H 1
| #define HAVE_SYS_STAT_H 1
| #define HAVE_STDLIB_H 1
| #define HAVE_STRING_H 1
| #define HAVE_MEMORY_H 1
| #define HAVE_STRINGS_H 1
| #define HAVE_INTTYPES_H 1
| #define HAVE_STDINT_H 1
| #define HAVE_UNISTD_H 1
| #define HAVE_ARPA_INET_H 1
| #define HAVE_ERRNO_H 1
| #define HAVE_FCNTL_H 1
| #define HAVE_LIMITS_H 1
| #define HAVE_NETDB_H 1
| #define HAVE_NETINET_IN_H 1
| #define HAVE_STDLIB_H 1
| #define HAVE_STRING_H 1
| #define HAVE_STRINGS_H 1
| #define HAVE_STDINT_H 1
| #define HAVE_INTTYPES_H 1
| #define HAVE_TIME_H 1
| /* end confdefs.h.  */
| #include <sys/inttypes.h>
configure:5384: result: no
configure:5412: checking for sys/inttypes.h
configure:5420: result: no
configure:5308: checking sys/socket.h usability
configure:5325: gcc -c -g -O2  conftest.c >&5
configure:5331: $? = 0
configure:5345: result: yes
configure:5349: checking sys/socket.h presence
configure:5364: gcc -E  conftest.c
configure:5370: $? = 0
configure:5384: result: yes
configure:5412: checking for sys/socket.h
configure:5420: result: yes
configure:5298: checking for sys/types.h
configure:5304: result: yes
configure:5308: checking sys/time.h usability
configure:5325: gcc -c -g -O2  conftest.c >&5
configure:5331: $? = 0
configure:5345: result: yes
configure:5349: checking sys/time.h presence
configure:5364: gcc -E  conftest.c
configure:5370: $? = 0
configure:5384: result: yes
configure:5412: checking for sys/time.h
configure:5420: result: yes
configure:5308: checking sys/timeb.h usability
configure:5325: gcc -c -g -O2  conftest.c >&5
configure:5331: $? = 0
configure:5345: result: yes
configure:5349: checking sys/timeb.h presence
configure:5364: gcc -E  conftest.c
configure:5370: $? = 0
configure:5384: result: yes
configure:5412: checking for sys/timeb.h
configure:5420: result: yes
configure:5298: checking for unistd.h
configure:5304: result: yes
configure:5308: checking poll.h usability
configure:5325: gcc -c -g -O2  conftest.c >&5
configure:5331: $? = 0
configure:5345: result: yes
configure:5349: checking poll.h presence
configure:5364: gcc -E  conftest.c
configure:5370: $? = 0
configure:5384: result: yes
configure:5412: checking for poll.h
configure:5420: result: yes
configure:5308: checking openssl/ssl.h usability
configure:5325: gcc -c -g -O2  conftest.c >&5
configure:5331: $? = 0
configure:5345: result: yes
configure:5349: checking openssl/ssl.h presence
configure:5364: gcc -E  conftest.c
configure:5370: $? = 0
configure:5384: result: yes
configure:5412: checking for openssl/ssl.h
configure:5420: result: yes
configure:5308: checking gnutls/gnutls.h usability
configure:5325: gcc -c -g -O2  conftest.c >&5
conftest.c:72:10: fatal error: gnutls/gnutls.h: No such file or directory
   72 | #include <gnutls/gnutls.h>
      |          ^~~~~~~~~~~~~~~~~
compilation terminated.
configure:5331: $? = 1
configure: failed program was:
| /* confdefs.h.  */
| #define PACKAGE_NAME "gsoap"
| #define PACKAGE_TARNAME "gsoap"
| #define PACKAGE_VERSION "2.8"
| #define PACKAGE_STRING "gsoap 2.8"
| #define PACKAGE_BUGREPORT ""
| #define PACKAGE "gsoap"
| #define VERSION "2.8"
| #define STDC_HEADERS 1
| #define HAVE_SYS_TYPES_H 1
| #define HAVE_SYS_STAT_H 1
| #define HAVE_STDLIB_H 1
| #define HAVE_STRING_H 1
| #define HAVE_MEMORY_H 1
| #define HAVE_STRINGS_H 1
| #define HAVE_INTTYPES_H 1
| #define HAVE_STDINT_H 1
| #define HAVE_UNISTD_H 1
| #define HAVE_ARPA_INET_H 1
| #define HAVE_ERRNO_H 1
| #define HAVE_FCNTL_H 1
| #define HAVE_LIMITS_H 1
| #define HAVE_NETDB_H 1
| #define HAVE_NETINET_IN_H 1
| #define HAVE_STDLIB_H 1
| #define HAVE_STRING_H 1
| #define HAVE_STRINGS_H 1
| #define HAVE_STDINT_H 1
| #define HAVE_INTTYPES_H 1
| #define HAVE_TIME_H 1
| #define HAVE_SYS_SOCKET_H 1
| #define HAVE_SYS_TYPES_H 1
| #define HAVE_SYS_TIME_H 1
| #define HAVE_SYS_TIMEB_H 1
| #define HAVE_UNISTD_H 1
| #define HAVE_POLL_H 1
| #define HAVE_OPENSSL_SSL_H 1
| /* end confdefs.h.  */
| #include <stdio.h>
| #ifdef HAVE_SYS_TYPES_H
| # include <sys/types.h>
| #endif
| #ifdef HAVE_SYS_STAT_H
| # include <sys/stat.h>
| #endif
| #ifdef STDC_HEADERS
| # include <stdlib.h>
| # include <stddef.h>
| #else
| # ifdef HAVE_STDLIB_H
| #  include <stdlib.h>
| # endif
| #endif
| #ifdef HAVE_STRING_H
| # if !defined STDC_HEADERS && defined HAVE_MEMORY_H
| #  include <memory.h>
| # endif
| # include <string.h>
| #endif
| #ifdef HAVE_STRINGS_H
| # include <strings.h>
| #endif
| #ifdef HAVE_INTTYPES_H
| # include <inttypes.h>
| #endif
| #ifdef HAVE_STDINT_H
| # include <stdint.h>
| #endif
| #ifdef HAVE_UNISTD_H
| # include <unistd.h>
| #endif
| #include <gnutls/gnutls.h>
configure:5345: result: no
configure:5349: checking gnutls/gnutls.h presence
configure:5364: gcc -E  conftest.c
conftest.c:39:10: fatal error: gnutls/gnutls.h: No such file or directory
   39 | #include <gnutls/gnutls.h>
      |          ^~~~~~~~~~~~~~~~~
compilation terminated.
configure:5370: $? = 1
configure: failed program was:
| /* confdefs.h.  */
| #define PACKAGE_NAME "gsoap"
| #define PACKAGE_TARNAME "gsoap"
| #define PACKAGE_VERSION "2.8"
| #define PACKAGE_STRING "gsoap 2.8"
| #define PACKAGE_BUGREPORT ""
| #define PACKAGE "gsoap"
| #define VERSION "2.8"
| #define STDC_HEADERS 1
| #define HAVE_SYS_TYPES_H 1
| #define HAVE_SYS_STAT_H 1
| #define HAVE_STDLIB_H 1
| #define HAVE_STRING_H 1
| #define HAVE_MEMORY_H 1
| #define HAVE_STRINGS_H 1
| #define HAVE_INTTYPES_H 1
| #define HAVE_STDINT_H 1
| #define HAVE_UNISTD_H 1
| #define HAVE_ARPA_INET_H 1
| #define HAVE_ERRNO_H 1
| #define HAVE_FCNTL_H 1
| #define HAVE_LIMITS_H 1
| #define HAVE_NETDB_H 1
| #define HAVE_NETINET_IN_H 1
| #define HAVE_STDLIB_H 1
| #define HAVE_STRING_H 1
| #define HAVE_STRINGS_H 1
| #define HAVE_STDINT_H 1
| #define HAVE_INTTYPES_H 1
| #define HAVE_TIME_H 1
| #define HAVE_SYS_SOCKET_H 1
| #define HAVE_SYS_TYPES_H 1
| #define HAVE_SYS_TIME_H 1
| #define HAVE_SYS_TIMEB_H 1
| #define HAVE_UNISTD_H 1
| #define HAVE_POLL_H 1
| #define HAVE_OPENSSL_SSL_H 1
| /* end confdefs.h.  */
| #include <gnutls/gnutls.h>
configure:5384: result: no
configure:5412: checking for gnutls/gnutls.h
configure:5420: result: no
configure:5308: checking zlib.h usability
configure:5325: gcc -c -g -O2  conftest.c >&5
configure:5331: $? = 0
configure:5345: result: yes
configure:5349: checking zlib.h presence
configure:5364: gcc -E  conftest.c
configure:5370: $? = 0
configure:5384: result: yes
configure:5412: checking for zlib.h
configure:5420: result: yes
configure:5435: checking for an ANSI C-conforming const
configure:5510: gcc -c -g -O2  conftest.c >&5
configure:5516: $? = 0
configure:5531: result: yes
configure:5541: checking for size_t
configure:5571: gcc -c -g -O2  conftest.c >&5
configure:5577: $? = 0
configure:5592: result: yes
configure:5604: checking whether time.h and sys/time.h may both be included
configure:5634: gcc -c -g -O2  conftest.c >&5
configure:5640: $? = 0
configure:5655: result: yes
configure:5665: checking whether struct tm is in sys/time.h or time.h
configure:5695: gcc -c -g -O2  conftest.c >&5
configure:5701: $? = 0
configure:5716: result: time.h
configure:5726: checking for struct tm.tm_gmtoff
configure:5758: gcc -c -g -O2  conftest.c >&5
configure:5764: $? = 0
configure:5825: result: yes
configure:5835: checking for struct tm.__tm_gmtoff
configure:5867: gcc -c -g -O2  conftest.c >&5
conftest.c: In function 'main':
conftest.c:51:13: error: 'struct tm' has no member named '__tm_gmtoff'; did you mean 'tm_gmtoff'?
   51 | if (ac_aggr.__tm_gmtoff)
      |             ^~~~~~~~~~~
      |             tm_gmtoff
configure:5873: $? = 1
configure: failed program was:
| /* confdefs.h.  */
| #define PACKAGE_NAME "gsoap"
| #define PACKAGE_TARNAME "gsoap"
| #define PACKAGE_VERSION "2.8"
| #define PACKAGE_STRING "gsoap 2.8"
| #define PACKAGE_BUGREPORT ""
| #define PACKAGE "gsoap"
| #define VERSION "2.8"
| #define STDC_HEADERS 1
| #define HAVE_SYS_TYPES_H 1
| #define HAVE_SYS_STAT_H 1
| #define HAVE_STDLIB_H 1
| #define HAVE_STRING_H 1
| #define HAVE_MEMORY_H 1
| #define HAVE_STRINGS_H 1
| #define HAVE_INTTYPES_H 1
| #define HAVE_STDINT_H 1
| #define HAVE_UNISTD_H 1
| #define HAVE_ARPA_INET_H 1
| #define HAVE_ERRNO_H 1
| #define HAVE_FCNTL_H 1
| #define HAVE_LIMITS_H 1
| #define HAVE_NETDB_H 1
| #define HAVE_NETINET_IN_H 1
| #define HAVE_STDLIB_H 1
| #define HAVE_STRING_H 1
| #define HAVE_STRINGS_H 1
| #define HAVE_STDINT_H 1
| #define HAVE_INTTYPES_H 1
| #define HAVE_TIME_H 1
| #define HAVE_SYS_SOCKET_H 1
| #define HAVE_SYS_TYPES_H 1
| #define HAVE_SYS_TIME_H 1
| #define HAVE_SYS_TIMEB_H 1
| #define HAVE_UNISTD_H 1
| #define HAVE_POLL_H 1
| #define HAVE_OPENSSL_SSL_H 1
| #define HAVE_ZLIB_H 1
| #define TIME_WITH_SYS_TIME 1
| #define HAVE_STRUCT_TM_TM_GMTOFF 1
| /* end confdefs.h.  */
| 
| #include <sys/types.h>
| #include <time.h>
| 
| 
| int
| main ()
| {
| static struct tm ac_aggr;
| if (ac_aggr.__tm_gmtoff)
| return 0;
|   ;
|   return 0;
| }
configure:5910: gcc -c -g -O2  conftest.c >&5
conftest.c: In function 'main':
conftest.c:51:20: error: 'struct tm' has no member named '__tm_gmtoff'; did you mean 'tm_gmtoff'?
   51 | if (sizeof ac_aggr.__tm_gmtoff)
      |                    ^~~~~~~~~~~
      |                    tm_gmtoff
configure:5916: $? = 1
configure: failed program was:
| /* confdefs.h.  */
| #define PACKAGE_NAME "gsoap"
| #define PACKAGE_TARNAME "gsoap"
| #define PACKAGE_VERSION "2.8"
| #define PACKAGE_STRING "gsoap 2.8"
| #define PACKAGE_BUGREPORT ""
| #define PACKAGE "gsoap"
| #define VERSION "2.8"
| #define STDC_HEADERS 1
| #define HAVE_SYS_TYPES_H 1
| #define HAVE_SYS_STAT_H 1
| #define HAVE_STDLIB_H 1
| #define HAVE_STRING_H 1
| #define HAVE_MEMORY_H 1
| #define HAVE_STRINGS_H 1
| #define HAVE_INTTYPES_H 1
| #define HAVE_STDINT_H 1
| #define HAVE_UNISTD_H 1
| #define HAVE_ARPA_INET_H 1
| #define HAVE_ERRNO_H 1
| #define HAVE_FCNTL_H 1
| #define HAVE_LIMITS_H 1
| #define HAVE_NETDB_H 1
| #define HAVE_NETINET_IN_H 1
| #define HAVE_STDLIB_H 1
| #define HAVE_STRING_H 1
| #define HAVE_STRINGS_H 1
| #define HAVE_STDINT_H 1
| #define HAVE_INTTYPES_H 1
| #define HAVE_TIME_H 1
| #define HAVE_SYS_SOCKET_H 1
| #define HAVE_SYS_TYPES_H 1
| #define HAVE_SYS_TIME_H 1
| #define HAVE_SYS_TIMEB_H 1
| #define HAVE_UNISTD_H 1
| #define HAVE_POLL_H 1
| #define HAVE_OPENSSL_SSL_H 1
| #define HAVE_ZLIB_H 1
| #define TIME_WITH_SYS_TIME 1
| #define HAVE_STRUCT_TM_TM_GMTOFF 1
| /* end confdefs.h.  */
| 
| #include <sys/types.h>
| #include <time.h>
| 
| 
| int
| main ()
| {
| static struct tm ac_aggr;
| if (sizeof ac_aggr.__tm_gmtoff)
| return 0;
|   ;
|   return 0;
| }
configure:5934: result: no
configure:5955: checking for sys/time.h
configure:5961: result: yes
configure:5955: checking for unistd.h
configure:5961: result: yes
configure:6101: checking for alarm
configure:6157: gcc -o conftest -g -O2   conftest.c  >&5
configure:6163: $? = 0
configure:6181: result: yes
configure:6207: checking for working mktime
configure:6416: gcc -o conftest -g -O2   conftest.c  >&5
configure:6419: $? = 0
configure:6425: ./conftest
./configure: line 6426: 861691 Alarm clock             ./conftest$ac_exeext
configure:6428: $? = 142
configure: program exited with status 142
configure: failed program was:
| /* confdefs.h.  */
| #define PACKAGE_NAME "gsoap"
| #define PACKAGE_TARNAME "gsoap"
| #define PACKAGE_VERSION "2.8"
| #define PACKAGE_STRING "gsoap 2.8"
| #define PACKAGE_BUGREPORT ""
| #define PACKAGE "gsoap"
| #define VERSION "2.8"
| #define STDC_HEADERS 1
| #define HAVE_SYS_TYPES_H 1
| #define HAVE_SYS_STAT_H 1
| #define HAVE_STDLIB_H 1
| #define HAVE_STRING_H 1
| #define HAVE_MEMORY_H 1
| #define HAVE_STRINGS_H 1
| #define HAVE_INTTYPES_H 1
| #define HAVE_STDINT_H 1
| #define HAVE_UNISTD_H 1
| #define HAVE_ARPA_INET_H 1
| #define HAVE_ERRNO_H 1
| #define HAVE_FCNTL_H 1
| #define HAVE_LIMITS_H 1
| #define HAVE_NETDB_H 1
| #define HAVE_NETINET_IN_H 1
| #define HAVE_STDLIB_H 1
| #define HAVE_STRING_H 1
| #define HAVE_STRINGS_H 1
| #define HAVE_STDINT_H 1
| #define HAVE_INTTYPES_H 1
| #define HAVE_TIME_H 1
| #define HAVE_SYS_SOCKET_H 1
| #define HAVE_SYS_TYPES_H 1
| #define HAVE_SYS_TIME_H 1
| #define HAVE_SYS_TIMEB_H 1
| #define HAVE_UNISTD_H 1
| #define HAVE_POLL_H 1
| #define HAVE_OPENSSL_SSL_H 1
| #define HAVE_ZLIB_H 1
| #define TIME_WITH_SYS_TIME 1
| #define HAVE_STRUCT_TM_TM_GMTOFF 1
| #define HAVE_SYS_TIME_H 1
| #define HAVE_UNISTD_H 1
| #define HAVE_ALARM 1
| /* end confdefs.h.  */
| /* Test program from Paul Eggert and Tony Leneis.  */
| #ifdef TIME_WITH_SYS_TIME
| # include <sys/time.h>
| # include <time.h>
| #else
| # ifdef HAVE_SYS_TIME_H
| #  include <sys/time.h>
| # else
| #  include <time.h>
| # endif
| #endif
| 
| #include <stdlib.h>
| 
| #ifdef HAVE_UNISTD_H
| # include <unistd.h>
| #endif
| 
| #ifndef HAVE_ALARM
| # define alarm(X) /* empty */
| #endif
| 
| /* Work around redefinition to rpl_putenv by other config tests.  */
| #undef putenv
| 
| static time_t time_t_max;
| static time_t time_t_min;
| 
| /* Values we'll use to set the TZ environment variable.  */
| static char *tz_strings[] = {
|   (char *) 0, "TZ=GMT0", "TZ=JST-9",
|   "TZ=EST+3EDT+2,M10.1.0/00:00:00,M2.3.0/00:00:00"
| };
| #define N_STRINGS (sizeof (tz_strings) / sizeof (tz_strings[0]))
| 
| /* Return 0 if mktime fails to convert a date in the spring-forward gap.
|    Based on a problem report from Andreas Jaeger.  */
| static int
| spring_forward_gap ()
| {
|   /* glibc (up to about 1998-10-07) failed this test. */
|   struct tm tm;
| 
|   /* Use the portable POSIX.1 specification "TZ=PST8PDT,M4.1.0,M10.5.0"
|      instead of "TZ=America/Vancouver" in order to detect the bug even
|      on systems that don't support the Olson extension, or don't have the
|      full zoneinfo tables installed.  */
|   putenv ("TZ=PST8PDT,M4.1.0,M10.5.0");
| 
|   tm.tm_year = 98;
|   tm.tm_mon = 3;
|   tm.tm_mday = 5;
|   tm.tm_hour = 2;
|   tm.tm_min = 0;
|   tm.tm_sec = 0;
|   tm.tm_isdst = -1;
|   return mktime (&tm) != (time_t) -1;
| }
| 
| static int
| mktime_test1 (now)
|      time_t now;
| {
|   struct tm *lt;
|   return ! (lt = localtime (&now)) || mktime (lt) == now;
| }
| 
| static int
| mktime_test (now)
|      time_t now;
| {
|   return (mktime_test1 (now)
| 	  && mktime_test1 ((time_t) (time_t_max - now))
| 	  && mktime_test1 ((time_t) (time_t_min + now)));
| }
| 
| static int
| irix_6_4_bug ()
| {
|   /* Based on code from Ariel Faigon.  */
|   struct tm tm;
|   tm.tm_year = 96;
|   tm.tm_mon = 3;
|   tm.tm_mday = 0;
|   tm.tm_hour = 0;
|   tm.tm_min = 0;
|   tm.tm_sec = 0;
|   tm.tm_isdst = -1;
|   mktime (&tm);
|   return tm.tm_mon == 2 && tm.tm_mday == 31;
| }
| 
| static int
| bigtime_test (j)
|      int j;
| {
|   struct tm tm;
|   time_t now;
|   tm.tm_year = tm.tm_mon = tm.tm_mday = tm.tm_hour = tm.tm_min = tm.tm_sec = j;
|   now = mktime (&tm);
|   if (now != (time_t) -1)
|     {
|       struct tm *lt = localtime (&now);
|       if (! (lt
| 	     && lt->tm_year == tm.tm_year
| 	     && lt->tm_mon == tm.tm_mon
| 	     && lt->tm_mday == tm.tm_mday
| 	     && lt->tm_hour == tm.tm_hour
| 	     && lt->tm_min == tm.tm_min
| 	     && lt->tm_sec == tm.tm_sec
| 	     && lt->tm_yday == tm.tm_yday
| 	     && lt->tm_wday == tm.tm_wday
| 	     && ((lt->tm_isdst < 0 ? -1 : 0 < lt->tm_isdst)
| 		  == (tm.tm_isdst < 0 ? -1 : 0 < tm.tm_isdst))))
| 	return 0;
|     }
|   return 1;
| }
| 
| static int
| year_2050_test ()
| {
|   /* The correct answer for 2050-02-01 00:00:00 in Pacific time,
|      ignoring leap seconds.  */
|   unsigned long int answer = 2527315200UL;
| 
|   struct tm tm;
|   time_t t;
|   tm.tm_year = 2050 - 1900;
|   tm.tm_mon = 2 - 1;
|   tm.tm_mday = 1;
|   tm.tm_hour = tm.tm_min = tm.tm_sec = 0;
|   tm.tm_isdst = -1;
| 
|   /* Use the portable POSIX.1 specification "TZ=PST8PDT,M4.1.0,M10.5.0"
|      instead of "TZ=America/Vancouver" in order to detect the bug even
|      on systems that don't support the Olson extension, or don't have the
|      full zoneinfo tables installed.  */
|   putenv ("TZ=PST8PDT,M4.1.0,M10.5.0");
| 
|   t = mktime (&tm);
| 
|   /* Check that the result is either a failure, or close enough
|      to the correct answer that we can assume the discrepancy is
|      due to leap seconds.  */
|   return (t == (time_t) -1
| 	  || (0 < t && answer - 120 <= t && t <= answer + 120));
| }
| 
| int
| main ()
| {
|   time_t t, delta;
|   int i, j;
| 
|   /* This test makes some buggy mktime implementations loop.
|      Give up after 60 seconds; a mktime slower than that
|      isn't worth using anyway.  */
|   alarm (60);
| 
|   for (time_t_max = 1; 0 < time_t_max; time_t_max *= 2)
|     continue;
|   time_t_max--;
|   if ((time_t) -1 < 0)
|     for (time_t_min = -1; (time_t) (time_t_min * 2) < 0; time_t_min *= 2)
|       continue;
|   delta = time_t_max / 997; /* a suitable prime number */
|   for (i = 0; i < N_STRINGS; i++)
|     {
|       if (tz_strings[i])
| 	putenv (tz_strings[i]);
| 
|       for (t = 0; t <= time_t_max - delta; t += delta)
| 	if (! mktime_test (t))
| 	  return 1;
|       if (! (mktime_test ((time_t) 1)
| 	     && mktime_test ((time_t) (60 * 60))
| 	     && mktime_test ((time_t) (60 * 60 * 24))))
| 	return 1;
| 
|       for (j = 1; 0 < j; j *= 2)
| 	if (! bigtime_test (j))
| 	  return 1;
|       if (! bigtime_test (j - 1))
| 	return 1;
|     }
|   return ! (irix_6_4_bug () && spring_forward_gap () && year_2050_test ());
| }
configure:6437: result: no
configure:6448: checking return type of signal handlers
configure:6476: gcc -c -g -O2  conftest.c >&5
conftest.c: In function 'main':
conftest.c:51:10: error: void value not ignored as it ought to be
   51 | return *(signal (0, 0)) (0) == 1;
      |         ~^~~~~~~~~~~~~~~~~~
configure:6482: $? = 1
configure: failed program was:
| /* confdefs.h.  */
| #define PACKAGE_NAME "gsoap"
| #define PACKAGE_TARNAME "gsoap"
| #define PACKAGE_VERSION "2.8"
| #define PACKAGE_STRING "gsoap 2.8"
| #define PACKAGE_BUGREPORT ""
| #define PACKAGE "gsoap"
| #define VERSION "2.8"
| #define STDC_HEADERS 1
| #define HAVE_SYS_TYPES_H 1
| #define HAVE_SYS_STAT_H 1
| #define HAVE_STDLIB_H 1
| #define HAVE_STRING_H 1
| #define HAVE_MEMORY_H 1
| #define HAVE_STRINGS_H 1
| #define HAVE_INTTYPES_H 1
| #define HAVE_STDINT_H 1
| #define HAVE_UNISTD_H 1
| #define HAVE_ARPA_INET_H 1
| #define HAVE_ERRNO_H 1
| #define HAVE_FCNTL_H 1
| #define HAVE_LIMITS_H 1
| #define HAVE_NETDB_H 1
| #define HAVE_NETINET_IN_H 1
| #define HAVE_STDLIB_H 1
| #define HAVE_STRING_H 1
| #define HAVE_STRINGS_H 1
| #define HAVE_STDINT_H 1
| #define HAVE_INTTYPES_H 1
| #define HAVE_TIME_H 1
| #define HAVE_SYS_SOCKET_H 1
| #define HAVE_SYS_TYPES_H 1
| #define HAVE_SYS_TIME_H 1
| #define HAVE_SYS_TIMEB_H 1
| #define HAVE_UNISTD_H 1
| #define HAVE_POLL_H 1
| #define HAVE_OPENSSL_SSL_H 1
| #define HAVE_ZLIB_H 1
| #define TIME_WITH_SYS_TIME 1
| #define HAVE_STRUCT_TM_TM_GMTOFF 1
| #define HAVE_SYS_TIME_H 1
| #define HAVE_UNISTD_H 1
| #define HAVE_ALARM 1
| /* end confdefs.h.  */
| #include <sys/types.h>
| #include <signal.h>
| 
| int
| main ()
| {
| return *(signal (0, 0)) (0) == 1;
|   ;
|   return 0;
| }
configure:6497: result: void
configure:6509: checking for strftime
configure:6565: gcc -o conftest -g -O2   conftest.c  >&5
conftest.c:69:6: warning: conflicting types for built-in function 'strftime'; expected 'long unsigned int(char *, long unsigned int,  const char *, const void *)' [-Wbuiltin-declaration-mismatch]
   69 | char strftime ();
      |      ^~~~~~~~
conftest.c:57:1: note: 'strftime' is declared in header '<time.h>'
   56 | # include <limits.h>
   57 | #else
configure:6571: $? = 0
configure:6589: result: yes
configure:6705: checking for random
configure:6761: gcc -o conftest -g -O2   conftest.c  >&5
configure:6767: $? = 0
configure:6785: result: yes
configure:6705: checking for gettimeofday
configure:6761: gcc -o conftest -g -O2   conftest.c  >&5
configure:6767: $? = 0
configure:6785: result: yes
configure:6705: checking for ftime
configure:6761: gcc -o conftest -g -O2   conftest.c  >&5
configure:6767: $? = 0
configure:6785: result: yes
configure:6705: checking for localtime_r
configure:6761: gcc -o conftest -g -O2   conftest.c  >&5
configure:6767: $? = 0
configure:6785: result: yes
configure:6705: checking for timegm
configure:6761: gcc -o conftest -g -O2   conftest.c  >&5
configure:6767: $? = 0
configure:6785: result: yes
configure:6705: checking for gmtime
configure:6761: gcc -o conftest -g -O2   conftest.c  >&5
configure:6767: $? = 0
configure:6785: result: yes
configure:6705: checking for gmtime_r
configure:6761: gcc -o conftest -g -O2   conftest.c  >&5
configure:6767: $? = 0
configure:6785: result: yes
configure:6705: checking for memset
configure:6761: gcc -o conftest -g -O2   conftest.c  >&5
conftest.c:77:6: warning: conflicting types for built-in function 'memset'; expected 'void *(void *, int,  long unsigned int)' [-Wbuiltin-declaration-mismatch]
   77 | char memset ();
      |      ^~~~~~
conftest.c:65:1: note: 'memset' is declared in header '<string.h>'
   64 | # include <limits.h>
   65 | #else
configure:6767: $? = 0
configure:6785: result: yes
configure:6705: checking for select
configure:6761: gcc -o conftest -g -O2   conftest.c  >&5
configure:6767: $? = 0
configure:6785: result: yes
configure:6705: checking for socket
configure:6761: gcc -o conftest -g -O2   conftest.c  >&5
configure:6767: $? = 0
configure:6785: result: yes
configure:6705: checking for snprintf
configure:6761: gcc -o conftest -g -O2   conftest.c  >&5
conftest.c:80:6: warning: conflicting types for built-in function 'snprintf'; expected 'int(char *, long unsigned int,  const char *, ...)' [-Wbuiltin-declaration-mismatch]
   80 | char snprintf ();
      |      ^~~~~~~~
conftest.c:68:1: note: 'snprintf' is declared in header '<stdio.h>'
   67 | # include <limits.h>
   68 | #else
configure:6767: $? = 0
configure:6785: result: yes
configure:6705: checking for strchr
configure:6761: gcc -o conftest -g -O2   conftest.c  >&5
conftest.c:81:6: warning: conflicting types for built-in function 'strchr'; expected 'char *(const char *, int)' [-Wbuiltin-declaration-mismatch]
   81 | char strchr ();
      |      ^~~~~~
conftest.c:69:1: note: 'strchr' is declared in header '<string.h>'
   68 | # include <limits.h>
   69 | #else
configure:6767: $? = 0
configure:6785: result: yes
configure:6705: checking for strerror
configure:6761: gcc -o conftest -g -O2   conftest.c  >&5
configure:6767: $? = 0
configure:6785: result: yes
configure:6705: checking for strerror_r
configure:6761: gcc -o conftest -g -O2   conftest.c  >&5
configure:6767: $? = 0
configure:6785: result: yes
configure:6705: checking for strrchr
configure:6761: gcc -o conftest -g -O2   conftest.c  >&5
conftest.c:84:6: warning: conflicting types for built-in function 'strrchr'; expected 'char *(const char *, int)' [-Wbuiltin-declaration-mismatch]
   84 | char strrchr ();
      |      ^~~~~~~
conftest.c:72:1: note: 'strrchr' is declared in header '<string.h>'
   71 | # include <limits.h>
   72 | #else
configure:6767: $? = 0
configure:6785: result: yes
configure:6705: checking for strstr
configure:6761: gcc -o conftest -g -O2   conftest.c  >&5
conftest.c:85:6: warning: conflicting types for built-in function 'strstr'; expected 'char *(const char *, const char *)' [-Wbuiltin-declaration-mismatch]
   85 | char strstr ();
      |      ^~~~~~
conftest.c:73:1: note: 'strstr' is declared in header '<string.h>'
   72 | # include <limits.h>
   73 | #else
configure:6767: $? = 0
configure:6785: result: yes
configure:6705: checking for strtol
configure:6761: gcc -o conftest -g -O2   conftest.c  >&5
configure:6767: $? = 0
configure:6785: result: yes
configure:6705: checking for strtoul
configure:6761: gcc -o conftest -g -O2   conftest.c  >&5
configure:6767: $? = 0
configure:6785: result: yes
configure:6705: checking for strtoll
configure:6761: gcc -o conftest -g -O2   conftest.c  >&5
configure:6767: $? = 0
configure:6785: result: yes
configure:6705: checking for strtoull
configure:6761: gcc -o conftest -g -O2   conftest.c  >&5
configure:6767: $? = 0
configure:6785: result: yes
configure:6705: checking for strtold
configure:6761: gcc -o conftest -g -O2   conftest.c  >&5
configure:6767: $? = 0
configure:6785: result: yes
configure:6705: checking for strtod
configure:6761: gcc -o conftest -g -O2   conftest.c  >&5
configure:6767: $? = 0
configure:6785: result: yes
configure:6705: checking for strtof
configure:6761: gcc -o conftest -g -O2   conftest.c  >&5
configure:6767: $? = 0
configure:6785: result: yes
configure:6705: checking for strtold_l
configure:6761: gcc -o conftest -g -O2   conftest.c  >&5
configure:6767: $? = 0
configure:6785: result: yes
configure:6705: checking for strtod_l
configure:6761: gcc -o conftest -g -O2   conftest.c  >&5
configure:6767: $? = 0
configure:6785: result: yes
configure:6705: checking for strtof_l
configure:6761: gcc -o conftest -g -O2   conftest.c  >&5
configure:6767: $? = 0
configure:6785: result: yes
configure:6705: checking for sscanf
configure:6761: gcc -o conftest -g -O2   conftest.c  >&5
conftest.c:96:6: warning: conflicting types for built-in function 'sscanf'; expected 'int(const char *, const char *, ...)' [-Wbuiltin-declaration-mismatch]
   96 | char sscanf ();
      |      ^~~~~~
conftest.c:84:1: note: 'sscanf' is declared in header '<stdio.h>'
   83 | # include <limits.h>
   84 | #else
configure:6767: $? = 0
configure:6785: result: yes
configure:6705: checking for sscanf_l
configure:6761: gcc -o conftest -g -O2   conftest.c  >&5
/usr/bin/ld: /tmp/ccbFmVVG.o: in function `main':
/home/prototype/brahmani/code/ccg/learningbyreading/ext/candc/ext/gsoap-2.8/conftest.c:108: undefined reference to `sscanf_l'
collect2: error: ld returned 1 exit status
configure:6767: $? = 1
configure: failed program was:
| /* confdefs.h.  */
| #define PACKAGE_NAME "gsoap"
| #define PACKAGE_TARNAME "gsoap"
| #define PACKAGE_VERSION "2.8"
| #define PACKAGE_STRING "gsoap 2.8"
| #define PACKAGE_BUGREPORT ""
| #define PACKAGE "gsoap"
| #define VERSION "2.8"
| #define STDC_HEADERS 1
| #define HAVE_SYS_TYPES_H 1
| #define HAVE_SYS_STAT_H 1
| #define HAVE_STDLIB_H 1
| #define HAVE_STRING_H 1
| #define HAVE_MEMORY_H 1
| #define HAVE_STRINGS_H 1
| #define HAVE_INTTYPES_H 1
| #define HAVE_STDINT_H 1
| #define HAVE_UNISTD_H 1
| #define HAVE_ARPA_INET_H 1
| #define HAVE_ERRNO_H 1
| #define HAVE_FCNTL_H 1
| #define HAVE_LIMITS_H 1
| #define HAVE_NETDB_H 1
| #define HAVE_NETINET_IN_H 1
| #define HAVE_STDLIB_H 1
| #define HAVE_STRING_H 1
| #define HAVE_STRINGS_H 1
| #define HAVE_STDINT_H 1
| #define HAVE_INTTYPES_H 1
| #define HAVE_TIME_H 1
| #define HAVE_SYS_SOCKET_H 1
| #define HAVE_SYS_TYPES_H 1
| #define HAVE_SYS_TIME_H 1
| #define HAVE_SYS_TIMEB_H 1
| #define HAVE_UNISTD_H 1
| #define HAVE_POLL_H 1
| #define HAVE_OPENSSL_SSL_H 1
| #define HAVE_ZLIB_H 1
| #define TIME_WITH_SYS_TIME 1
| #define HAVE_STRUCT_TM_TM_GMTOFF 1
| #define HAVE_SYS_TIME_H 1
| #define HAVE_UNISTD_H 1
| #define HAVE_ALARM 1
| #define RETSIGTYPE void
| #define HAVE_STRFTIME 1
| #define HAVE_RANDOM 1
| #define HAVE_GETTIMEOFDAY 1
| #define HAVE_FTIME 1
| #define HAVE_LOCALTIME_R 1
| #define HAVE_TIMEGM 1
| #define HAVE_GMTIME 1
| #define HAVE_GMTIME_R 1
| #define HAVE_MEMSET 1
| #define HAVE_SELECT 1
| #define HAVE_SOCKET 1
| #define HAVE_SNPRINTF 1
| #define HAVE_STRCHR 1
| #define HAVE_STRERROR 1
| #define HAVE_STRERROR_R 1
| #define HAVE_STRRCHR 1
| #define HAVE_STRSTR 1
| #define HAVE_STRTOL 1
| #define HAVE_STRTOUL 1
| #define HAVE_STRTOLL 1
| #define HAVE_STRTOULL 1
| #define HAVE_STRTOLD 1
| #define HAVE_STRTOD 1
| #define HAVE_STRTOF 1
| #define HAVE_STRTOLD_L 1
| #define HAVE_STRTOD_L 1
| #define HAVE_STRTOF_L 1
| #define HAVE_SSCANF 1
| /* end confdefs.h.  */
| /* Define sscanf_l to an innocuous variant, in case <limits.h> declares sscanf_l.
|    For example, HP-UX 11i <limits.h> declares gettimeofday.  */
| #define sscanf_l innocuous_sscanf_l
| 
| /* System header to define __stub macros and hopefully few prototypes,
|     which can conflict with char sscanf_l (); below.
|     Prefer <limits.h> to <assert.h> if __STDC__ is defined, since
|     <limits.h> exists even on freestanding compilers.  */
| 
| #ifdef __STDC__
| # include <limits.h>
| #else
| # include <assert.h>
| #endif
| 
| #undef sscanf_l
| 
| /* Override any GCC internal prototype to avoid an error.
|    Use char because int might match the return type of a GCC
|    builtin and then its argument prototype would still apply.  */
| #ifdef __cplusplus
| extern "C"
| #endif
| char sscanf_l ();
| /* The GNU C library defines this for functions which it implements
|     to always fail with ENOSYS.  Some functions are actually named
|     something starting with __ and the normal name is an alias.  */
| #if defined __stub_sscanf_l || defined __stub___sscanf_l
| choke me
| #endif
| 
| int
| main ()
| {
| return sscanf_l ();
|   ;
|   return 0;
| }
configure:6785: result: no
configure:6705: checking for sprintf_l
configure:6761: gcc -o conftest -g -O2   conftest.c  >&5
/usr/bin/ld: /tmp/cchAGZ6p.o: in function `main':
/home/prototype/brahmani/code/ccg/learningbyreading/ext/candc/ext/gsoap-2.8/conftest.c:108: undefined reference to `sprintf_l'
collect2: error: ld returned 1 exit status
configure:6767: $? = 1
configure: failed program was:
| /* confdefs.h.  */
| #define PACKAGE_NAME "gsoap"
| #define PACKAGE_TARNAME "gsoap"
| #define PACKAGE_VERSION "2.8"
| #define PACKAGE_STRING "gsoap 2.8"
| #define PACKAGE_BUGREPORT ""
| #define PACKAGE "gsoap"
| #define VERSION "2.8"
| #define STDC_HEADERS 1
| #define HAVE_SYS_TYPES_H 1
| #define HAVE_SYS_STAT_H 1
| #define HAVE_STDLIB_H 1
| #define HAVE_STRING_H 1
| #define HAVE_MEMORY_H 1
| #define HAVE_STRINGS_H 1
| #define HAVE_INTTYPES_H 1
| #define HAVE_STDINT_H 1
| #define HAVE_UNISTD_H 1
| #define HAVE_ARPA_INET_H 1
| #define HAVE_ERRNO_H 1
| #define HAVE_FCNTL_H 1
| #define HAVE_LIMITS_H 1
| #define HAVE_NETDB_H 1
| #define HAVE_NETINET_IN_H 1
| #define HAVE_STDLIB_H 1
| #define HAVE_STRING_H 1
| #define HAVE_STRINGS_H 1
| #define HAVE_STDINT_H 1
| #define HAVE_INTTYPES_H 1
| #define HAVE_TIME_H 1
| #define HAVE_SYS_SOCKET_H 1
| #define HAVE_SYS_TYPES_H 1
| #define HAVE_SYS_TIME_H 1
| #define HAVE_SYS_TIMEB_H 1
| #define HAVE_UNISTD_H 1
| #define HAVE_POLL_H 1
| #define HAVE_OPENSSL_SSL_H 1
| #define HAVE_ZLIB_H 1
| #define TIME_WITH_SYS_TIME 1
| #define HAVE_STRUCT_TM_TM_GMTOFF 1
| #define HAVE_SYS_TIME_H 1
| #define HAVE_UNISTD_H 1
| #define HAVE_ALARM 1
| #define RETSIGTYPE void
| #define HAVE_STRFTIME 1
| #define HAVE_RANDOM 1
| #define HAVE_GETTIMEOFDAY 1
| #define HAVE_FTIME 1
| #define HAVE_LOCALTIME_R 1
| #define HAVE_TIMEGM 1
| #define HAVE_GMTIME 1
| #define HAVE_GMTIME_R 1
| #define HAVE_MEMSET 1
| #define HAVE_SELECT 1
| #define HAVE_SOCKET 1
| #define HAVE_SNPRINTF 1
| #define HAVE_STRCHR 1
| #define HAVE_STRERROR 1
| #define HAVE_STRERROR_R 1
| #define HAVE_STRRCHR 1
| #define HAVE_STRSTR 1
| #define HAVE_STRTOL 1
| #define HAVE_STRTOUL 1
| #define HAVE_STRTOLL 1
| #define HAVE_STRTOULL 1
| #define HAVE_STRTOLD 1
| #define HAVE_STRTOD 1
| #define HAVE_STRTOF 1
| #define HAVE_STRTOLD_L 1
| #define HAVE_STRTOD_L 1
| #define HAVE_STRTOF_L 1
| #define HAVE_SSCANF 1
| /* end confdefs.h.  */
| /* Define sprintf_l to an innocuous variant, in case <limits.h> declares sprintf_l.
|    For example, HP-UX 11i <limits.h> declares gettimeofday.  */
| #define sprintf_l innocuous_sprintf_l
| 
| /* System header to define __stub macros and hopefully few prototypes,
|     which can conflict with char sprintf_l (); below.
|     Prefer <limits.h> to <assert.h> if __STDC__ is defined, since
|     <limits.h> exists even on freestanding compilers.  */
| 
| #ifdef __STDC__
| # include <limits.h>
| #else
| # include <assert.h>
| #endif
| 
| #undef sprintf_l
| 
| /* Override any GCC internal prototype to avoid an error.
|    Use char because int might match the return type of a GCC
|    builtin and then its argument prototype would still apply.  */
| #ifdef __cplusplus
| extern "C"
| #endif
| char sprintf_l ();
| /* The GNU C library defines this for functions which it implements
|     to always fail with ENOSYS.  Some functions are actually named
|     something starting with __ and the normal name is an alias.  */
| #if defined __stub_sprintf_l || defined __stub___sprintf_l
| choke me
| #endif
| 
| int
| main ()
| {
| return sprintf_l ();
|   ;
|   return 0;
| }
configure:6785: result: no
configure:6705: checking for wctomb
configure:6761: gcc -o conftest -g -O2   conftest.c  >&5
configure:6767: $? = 0
configure:6785: result: yes
configure:6705: checking for mbtowc
configure:6761: gcc -o conftest -g -O2   conftest.c  >&5
configure:6767: $? = 0
configure:6785: result: yes
configure:6705: checking for poll
configure:6761: gcc -o conftest -g -O2   conftest.c  >&5
configure:6767: $? = 0
configure:6785: result: yes
configure:6797: checking for isnan
configure:6853: gcc -o conftest -g -O2   conftest.c  >&5
conftest.c:100:6: warning: conflicting types for built-in function 'isnan'; expected 'int()' [-Wbuiltin-declaration-mismatch]
  100 | char isnan ();
      |      ^~~~~
conftest.c:88:1: note: 'isnan' is declared in header '<math.h>'
   87 | # include <limits.h>
   88 | #else
configure:6859: $? = 0
configure:6876: result: yes
configure:6888: checking for isinf
configure:6944: gcc -o conftest -g -O2   conftest.c  >&5
conftest.c:101:6: warning: conflicting types for built-in function 'isinf'; expected 'int()' [-Wbuiltin-declaration-mismatch]
  101 | char isinf ();
      |      ^~~~~
conftest.c:89:1: note: 'isinf' is declared in header '<math.h>'
   88 | # include <limits.h>
   89 | #else
configure:6950: $? = 0
configure:6967: result: yes
configure:7109: checking for gethostbyname_r
configure:7165: gcc -o conftest -g -O2   conftest.c  >&5
configure:7171: $? = 0
configure:7189: result: yes
configure:7204: checking for stdlib.h
configure:7210: result: yes
configure:7339: checking for GNU libc compatible malloc
configure:7373: gcc -o conftest -g -O2   conftest.c  >&5
configure:7376: $? = 0
configure:7382: ./conftest
configure:7385: $? = 0
configure:7401: result: yes
configure:7480: checking for disable namespaces in library
configure:7483: result: no
configure:7502: checking for enable ipv6 in library
configure:7509: result: no
configure:7540: checking for disable openssl in library
configure:7543: result: no
configure:7545: checking for enable gnutls in library
configure:7555: result: no
configure:7615: WARNING: No 'flex' command detected on current path: trying existing scanner
configure:7764: creating ./config.status

## ---------------------- ##
## Running config.status. ##
## ---------------------- ##

This file was extended by gsoap config.status 2.8, which was
generated by GNU Autoconf 2.61.  Invocation command line was

  CONFIG_FILES    = 
  CONFIG_HEADERS  = 
  CONFIG_LINKS    = 
  CONFIG_COMMANDS = 
  $ ./config.status 

on AMDGPU

config.status:726: creating Makefile
config.status:726: creating gsoap.pc
config.status:726: creating gsoap++.pc
config.status:726: creating gsoapck.pc
config.status:726: creating gsoapck++.pc
config.status:726: creating gsoapssl.pc
config.status:726: creating gsoapssl++.pc
config.status:726: creating gsoap/Makefile
config.status:726: creating gsoap/src/Makefile
config.status:726: creating gsoap/wsdl/Makefile
config.status:726: creating gsoap/samples/Makefile
config.status:726: creating gsoap/samples/autotest/Makefile
config.status:726: creating gsoap/samples/calc/Makefile
config.status:726: creating gsoap/samples/calc++/Makefile
config.status:726: creating gsoap/samples/chaining/Makefile
config.status:726: creating gsoap/samples/chaining++/Makefile
config.status:726: creating gsoap/samples/databinding/Makefile
config.status:726: creating gsoap/samples/dime/Makefile
config.status:726: creating gsoap/samples/dom/Makefile
config.status:726: creating gsoap/samples/oneway/Makefile
config.status:726: creating gsoap/samples/oneway++/Makefile
config.status:726: creating gsoap/samples/factory/Makefile
config.status:726: creating gsoap/samples/factorytest/Makefile
config.status:726: creating gsoap/samples/gmt/Makefile
config.status:726: creating gsoap/samples/googleapi/Makefile
config.status:726: creating gsoap/samples/hello/Makefile
config.status:726: creating gsoap/samples/httpcookies/Makefile
config.status:726: creating gsoap/samples/lu/Makefile
config.status:726: creating gsoap/samples/magic/Makefile
config.status:726: creating gsoap/samples/mashup/Makefile
config.status:726: creating gsoap/samples/mashup++/Makefile
config.status:726: creating gsoap/samples/mtom/Makefile
config.status:726: creating gsoap/samples/mtom-stream/Makefile
config.status:726: creating gsoap/samples/polytest/Makefile
config.status:726: creating gsoap/samples/primes/Makefile
config.status:726: creating gsoap/samples/roll/Makefile
config.status:726: creating gsoap/samples/router/Makefile
config.status:726: creating gsoap/samples/rss/Makefile
config.status:726: creating gsoap/samples/ssl/Makefile
config.status:726: creating gsoap/samples/template/Makefile
config.status:726: creating gsoap/samples/udp/Makefile
config.status:726: creating gsoap/samples/varparam/Makefile
config.status:726: creating gsoap/samples/wsa/Makefile
config.status:726: creating gsoap/samples/wsrm/Makefile
config.status:726: creating gsoap/samples/wsse/Makefile
config.status:726: creating gsoap/samples/xml-rpc-json/Makefile
config.status:726: creating gsoap/samples/rest/Makefile
config.status:726: creating config.h
config.status:1068: executing depfiles commands

## ---------------- ##
## Cache variables. ##
## ---------------- ##

ac_cv_build=x86_64-unknown-linux-gnu
ac_cv_c_compiler_gnu=yes
ac_cv_c_const=yes
ac_cv_cxx_compiler_gnu=yes
ac_cv_env_CCC_set=
ac_cv_env_CCC_value=
ac_cv_env_CC_set=
ac_cv_env_CC_value=
ac_cv_env_CFLAGS_set=
ac_cv_env_CFLAGS_value=
ac_cv_env_CPPFLAGS_set=
ac_cv_env_CPPFLAGS_value=
ac_cv_env_CPP_set=
ac_cv_env_CPP_value=
ac_cv_env_CXXFLAGS_set=
ac_cv_env_CXXFLAGS_value=
ac_cv_env_CXX_set=
ac_cv_env_CXX_value=
ac_cv_env_LDFLAGS_set=
ac_cv_env_LDFLAGS_value=
ac_cv_env_LIBS_set=
ac_cv_env_LIBS_value=
ac_cv_env_YACC_set=
ac_cv_env_YACC_value=
ac_cv_env_YFLAGS_set=
ac_cv_env_YFLAGS_value=
ac_cv_env_build_alias_set=
ac_cv_env_build_alias_value=
ac_cv_env_host_alias_set=
ac_cv_env_host_alias_value=
ac_cv_env_target_alias_set=
ac_cv_env_target_alias_value=
ac_cv_func_alarm=yes
ac_cv_func_ftime=yes
ac_cv_func_gethostbyname_r=yes
ac_cv_func_gettimeofday=yes
ac_cv_func_gmtime=yes
ac_cv_func_gmtime_r=yes
ac_cv_func_isinf=yes
ac_cv_func_isnan=yes
ac_cv_func_localtime_r=yes
ac_cv_func_malloc_0_nonnull=yes
ac_cv_func_mbtowc=yes
ac_cv_func_memset=yes
ac_cv_func_poll=yes
ac_cv_func_random=yes
ac_cv_func_select=yes
ac_cv_func_snprintf=yes
ac_cv_func_socket=yes
ac_cv_func_sprintf_l=no
ac_cv_func_sscanf=yes
ac_cv_func_sscanf_l=no
ac_cv_func_strchr=yes
ac_cv_func_strerror=yes
ac_cv_func_strerror_r=yes
ac_cv_func_strftime=yes
ac_cv_func_strrchr=yes
ac_cv_func_strstr=yes
ac_cv_func_strtod=yes
ac_cv_func_strtod_l=yes
ac_cv_func_strtof=yes
ac_cv_func_strtof_l=yes
ac_cv_func_strtol=yes
ac_cv_func_strtold=yes
ac_cv_func_strtold_l=yes
ac_cv_func_strtoll=yes
ac_cv_func_strtoul=yes
ac_cv_func_strtoull=yes
ac_cv_func_timegm=yes
ac_cv_func_wctomb=yes
ac_cv_func_working_mktime=no
ac_cv_header_arpa_inet_h=yes
ac_cv_header_errno_h=yes
ac_cv_header_fcntl_h=yes
ac_cv_header_gnutls_gnutls_h=no
ac_cv_header_inttypes_h=yes
ac_cv_header_limits_h=yes
ac_cv_header_memory_h=yes
ac_cv_header_netdb_h=yes
ac_cv_header_netinet_in_h=yes
ac_cv_header_openssl_ssl_h=yes
ac_cv_header_poll_h=yes
ac_cv_header_stdc=yes
ac_cv_header_stdint_h=yes
ac_cv_header_stdlib_h=yes
ac_cv_header_string_h=yes
ac_cv_header_strings_h=yes
ac_cv_header_sys_inttypes_h=no
ac_cv_header_sys_socket_h=yes
ac_cv_header_sys_stat_h=yes
ac_cv_header_sys_time_h=yes
ac_cv_header_sys_timeb_h=yes
ac_cv_header_sys_types_h=yes
ac_cv_header_time=yes
ac_cv_header_time_h=yes
ac_cv_header_unistd_h=yes
ac_cv_header_xlocale_h=no
ac_cv_header_zlib_h=yes
ac_cv_host=x86_64-unknown-linux-gnu
ac_cv_member_struct_tm___tm_gmtoff=no
ac_cv_member_struct_tm_tm_gmtoff=yes
ac_cv_objext=o
ac_cv_path_EGREP='/bin/grep -E'
ac_cv_path_GREP=/bin/grep
ac_cv_path_install='/usr/bin/install -c'
ac_cv_path_mkdir=/bin/mkdir
ac_cv_prog_AWK=mawk
ac_cv_prog_CPP='gcc -E'
ac_cv_prog_ac_ct_CC=gcc
ac_cv_prog_ac_ct_CXX=g++
ac_cv_prog_ac_ct_RANLIB=ranlib
ac_cv_prog_cc_c89=
ac_cv_prog_cc_g=yes
ac_cv_prog_cc_gcc_c_o=yes
ac_cv_prog_cxx_g=yes
ac_cv_prog_make_make_set=yes
ac_cv_struct_tm=time.h
ac_cv_type_signal=void
ac_cv_type_size_t=yes
am_cv_CC_dependencies_compiler_type=gcc3
am_cv_CXX_dependencies_compiler_type=gcc3

## ----------------- ##
## Output variables. ##
## ----------------- ##

ACLOCAL='${SHELL} /home/prototype/brahmani/code/ccg/learningbyreading/ext/candc/ext/gsoap-2.8/missing --run aclocal-1.10'
AMDEPBACKSLASH='\'
AMDEP_FALSE='#'
AMDEP_TRUE=''
AMTAR='${SHELL} /home/prototype/brahmani/code/ccg/learningbyreading/ext/candc/ext/gsoap-2.8/missing --run tar'
AUTOCONF='${SHELL} /home/prototype/brahmani/code/ccg/learningbyreading/ext/candc/ext/gsoap-2.8/missing --run autoconf'
AUTOHEADER='${SHELL} /home/prototype/brahmani/code/ccg/learningbyreading/ext/candc/ext/gsoap-2.8/missing --run autoheader'
AUTOMAKE='${SHELL} /home/prototype/brahmani/code/ccg/learningbyreading/ext/candc/ext/gsoap-2.8/missing --run automake-1.10'
AWK='mawk'
BISON_DEFINE='-DWITH_YACC'
CC='gcc'
CCDEPMODE='depmode=gcc3'
CFLAGS='-g -O2'
CPP='gcc -E'
CPPFLAGS=''
CXX='g++'
CXXDEPMODE='depmode=gcc3'
CXXFLAGS='-g -O2'
CYGPATH_W='echo'
DEBUG_COMPILE_FALSE=''
DEBUG_COMPILE_TRUE='#'
DEFS='-DHAVE_CONFIG_H'
DEPDIR='.deps'
ECHO_C=''
ECHO_N='-n'
ECHO_T=''
EGREP='/bin/grep -E'
ENABLE_SAMPLES=''
ENABLE_SAMPLES_FALSE=''
ENABLE_SAMPLES_TRUE='#'
EXEEXT=''
GREP='/bin/grep'
INSTALL_DATA='${INSTALL} -m 644'
INSTALL_PROGRAM='${INSTALL}'
INSTALL_SCRIPT='${INSTALL}'
INSTALL_STRIP_PROGRAM='$(install_sh) -c -s'
LDFLAGS=''
LEX='${SHELL} /home/prototype/brahmani/code/ccg/learningbyreading/ext/candc/ext/gsoap-2.8/missing --run flex'
LEXLIB=''
LEX_DEFINE='-DWITH_LEX'
LEX_FLAGS=''
LEX_OUTPUT_ROOT=''
LIBOBJS=' ${LIBOBJDIR}mktime$U.o'
LIBS=''
LN_S='ln -s'
LTLIBOBJS=' ${LIBOBJDIR}mktime$U.lo'
MAKEINFO='${SHELL} /home/prototype/brahmani/code/ccg/learningbyreading/ext/candc/ext/gsoap-2.8/missing --run makeinfo'
OBJEXT='o'
PACKAGE='gsoap'
PACKAGE_BUGREPORT=''
PACKAGE_NAME='gsoap'
PACKAGE_STRING='gsoap 2.8'
PACKAGE_TARNAME='gsoap'
PACKAGE_VERSION='2.8'
PATH_SEPARATOR=':'
RANLIB='ranlib'
SAMPLE_DIRS=''
SAMPLE_EXTRA_LIBS='-lm'
SAMPLE_SSL_LIBS='-lssl -lcrypto -lz'
SET_MAKE=''
SHELL='/bin/bash'
SOAPCPP2_DEBUG=''
SOAPCPP2_IMPORTPATH='-DSOAPCPP_IMPORT_PATH="\"${datarootdir}/gsoap/import\""'
SOAPCPP2_IPV6=''
SOAPCPP2_NONAMESPACES=''
STRIP=''
VERSION='2.8'
WSDL2H_EXTRA_FLAGS='-DWITH_OPENSSL -DWITH_GZIP'
WSDL2H_EXTRA_LIBS='-lssl -lcrypto -lz'
WSDL2H_IMPORTPATH='-DWSDL_IMPORT_PATH="\"${datarootdir}/gsoap/WS\""'
WSDL2H_SOAP_CPP_LIB='libgsoapssl++.a'
YACC='yacc'
YACC_LIB='-ly'
YFLAGS=''
ac_ct_CC='gcc'
ac_ct_CXX='g++'
am__fastdepCC_FALSE='#'
am__fastdepCC_TRUE=''
am__fastdepCXX_FALSE='#'
am__fastdepCXX_TRUE=''
am__include='include'
am__isrc=''
am__leading_dot='.'
am__quote=''
am__tar='${AMTAR} chof - "$$tardir"'
am__untar='${AMTAR} xf -'
bindir='${exec_prefix}/bin'
build='x86_64-unknown-linux-gnu'
build_alias=''
build_cpu='x86_64'
build_os='linux-gnu'
build_vendor='unknown'
datadir='${datarootdir}'
datarootdir='${prefix}/share'
docdir='${datarootdir}/doc/${PACKAGE_TARNAME}'
dvidir='${docdir}'
exec_prefix='${prefix}'
host='x86_64-unknown-linux-gnu'
host_alias=''
host_cpu='x86_64'
host_os='linux-gnu'
host_vendor='unknown'
htmldir='${docdir}'
includedir='${prefix}/include'
infodir='${datarootdir}/info'
install_sh='$(SHELL) /home/prototype/brahmani/code/ccg/learningbyreading/ext/candc/ext/gsoap-2.8/install-sh'
libdir='${exec_prefix}/lib'
libexecdir='${exec_prefix}/libexec'
localedir='${datarootdir}/locale'
localstatedir='${prefix}/var'
mandir='${datarootdir}/man'
mkdir_p='/bin/mkdir -p'
oldincludedir='/usr/include'
pdfdir='${docdir}'
platform='LINUX'
prefix='/home/prototype/brahmani/code/ccg/learningbyreading/ext/candc/ext'
program_transform_name='s,x,x,'
psdir='${docdir}'
sbindir='${exec_prefix}/sbin'
sharedstatedir='${prefix}/com'
sysconfdir='${prefix}/etc'
target_alias=''

## ----------- ##
## confdefs.h. ##
## ----------- ##

#define PACKAGE_NAME "gsoap"
#define PACKAGE_TARNAME "gsoap"
#define PACKAGE_VERSION "2.8"
#define PACKAGE_STRING "gsoap 2.8"
#define PACKAGE_BUGREPORT ""
#define PACKAGE "gsoap"
#define VERSION "2.8"
#define STDC_HEADERS 1
#define HAVE_SYS_TYPES_H 1
#define HAVE_SYS_STAT_H 1
#define HAVE_STDLIB_H 1
#define HAVE_STRING_H 1
#define HAVE_MEMORY_H 1
#define HAVE_STRINGS_H 1
#define HAVE_INTTYPES_H 1
#define HAVE_STDINT_H 1
#define HAVE_UNISTD_H 1
#define HAVE_ARPA_INET_H 1
#define HAVE_ERRNO_H 1
#define HAVE_FCNTL_H 1
#define HAVE_LIMITS_H 1
#define HAVE_NETDB_H 1
#define HAVE_NETINET_IN_H 1
#define HAVE_STDLIB_H 1
#define HAVE_STRING_H 1
#define HAVE_STRINGS_H 1
#define HAVE_STDINT_H 1
#define HAVE_INTTYPES_H 1
#define HAVE_TIME_H 1
#define HAVE_SYS_SOCKET_H 1
#define HAVE_SYS_TYPES_H 1
#define HAVE_SYS_TIME_H 1
#define HAVE_SYS_TIMEB_H 1
#define HAVE_UNISTD_H 1
#define HAVE_POLL_H 1
#define HAVE_OPENSSL_SSL_H 1
#define HAVE_ZLIB_H 1
#define TIME_WITH_SYS_TIME 1
#define HAVE_STRUCT_TM_TM_GMTOFF 1
#define HAVE_SYS_TIME_H 1
#define HAVE_UNISTD_H 1
#define HAVE_ALARM 1
#define RETSIGTYPE void
#define HAVE_STRFTIME 1
#define HAVE_RANDOM 1
#define HAVE_GETTIMEOFDAY 1
#define HAVE_FTIME 1
#define HAVE_LOCALTIME_R 1
#define HAVE_TIMEGM 1
#define HAVE_GMTIME 1
#define HAVE_GMTIME_R 1
#define HAVE_MEMSET 1
#define HAVE_SELECT 1
#define HAVE_SOCKET 1
#define HAVE_SNPRINTF 1
#define HAVE_STRCHR 1
#define HAVE_STRERROR 1
#define HAVE_STRERROR_R 1
#define HAVE_STRRCHR 1
#define HAVE_STRSTR 1
#define HAVE_STRTOL 1
#define HAVE_STRTOUL 1
#define HAVE_STRTOLL 1
#define HAVE_STRTOULL 1
#define HAVE_STRTOLD 1
#define HAVE_STRTOD 1
#define HAVE_STRTOF 1
#define HAVE_STRTOLD_L 1
#define HAVE_STRTOD_L 1
#define HAVE_STRTOF_L 1
#define HAVE_SSCANF 1
#define HAVE_WCTOMB 1
#define HAVE_MBTOWC 1
#define HAVE_POLL 1
#define HAVE_ISNAN 1
#define HAVE_ISINF 1
#define HAVE_GETHOSTBYNAME_R 1
#define HAVE_STDLIB_H 1
#define HAVE_MALLOC 1

configure: exit 0
